<?xml version="1.0" encoding="UTF-8"?>
<!-- Generated by org.testng.reporters.JUnitXMLReporter -->
<testsuite ignored="0" hostname="LAPTOP-0SJ3B8VU" failures="1" tests="1" name="testOnChrome" time="12.779" errors="0" timestamp="27 Aug 2021 08:49:11 GMT">
  <testcase classname="com.inetbanking.testCases.TC_RagisterUser_004" name="ragisterNewCustomer" time="10.463">
    <failure type="java.lang.NullPointerException" message="Cannot invoke &amp;quot;org.openqa.selenium.WebElement.getTagName()&amp;quot; because &amp;quot;element&amp;quot; is null">
      <![CDATA[java.lang.NullPointerException: Cannot invoke "org.openqa.selenium.WebElement.getTagName()" because "element" is null
at org.openqa.selenium.support.ui.Select.<init>(Select.java:45)
at com.demoAutomationTesting.pageObjects.Ragister.<init>(Ragister.java:107)
at com.inetbanking.testCases.TC_RagisterUser_004.ragisterNewCustomer(TC_RagisterUser_004.java:53)
... Removed 25 stack frames]]>
    </failure>
  </testcase> <!-- ragisterNewCustomer -->
</testsuite> <!-- testOnChrome -->
